{"/home/derian-cordoba/Documentos/Trabajo/pinatas_nino_feliz/server/src/database.ts": {"path":"/home/derian-cordoba/Documentos/Trabajo/pinatas_nino_feliz/server/src/database.ts","statementMap":{"0":{"start":{"line":1,"column":0},"end":{"line":1,"column":35}},"1":{"start":{"line":2,"column":0},"end":{"line":2,"column":55}},"2":{"start":{"line":4,"column":0},"end":{"line":13,"column":5}},"3":{"start":{"line":4,"column":12},"end":{"line":13,"column":2}},"4":{"start":{"line":5,"column":2},"end":{"line":12,"column":null}},"5":{"start":{"line":8,"column":8},"end":{"line":8,"column":34}},"6":{"start":{"line":9,"column":4},"end":{"line":9,"column":51}},"7":{"start":{"line":11,"column":4},"end":{"line":11,"column":58}}},"fnMap":{"0":{"name":"(anonymous_7)","decl":{"start":{"line":4,"column":1},"end":{"line":4,"column":10}},"loc":{"start":{"line":4,"column":12},"end":{"line":13,"column":2}}},"1":{"name":"(anonymous_8)","decl":{"start":{"line":4,"column":12},"end":{"line":4,"column":null}},"loc":{"start":{"line":4,"column":12},"end":{"line":13,"column":1}}}},"branchMap":{},"s":{"0":1,"1":1,"2":1,"3":1,"4":1,"5":1,"6":1,"7":0},"f":{"0":1,"1":1},"b":{}}
,"/home/derian-cordoba/Documentos/Trabajo/pinatas_nino_feliz/server/src/server.ts": {"path":"/home/derian-cordoba/Documentos/Trabajo/pinatas_nino_feliz/server/src/server.ts","statementMap":{"0":{"start":{"line":1,"column":0},"end":{"line":1,"column":32}},"1":{"start":{"line":2,"column":0},"end":{"line":2,"column":20}},"2":{"start":{"line":3,"column":0},"end":{"line":3,"column":28}},"3":{"start":{"line":4,"column":0},"end":{"line":4,"column":30}},"4":{"start":{"line":5,"column":0},"end":{"line":5,"column":24}},"5":{"start":{"line":6,"column":0},"end":{"line":6,"column":44}},"6":{"start":{"line":7,"column":0},"end":{"line":7,"column":28}},"7":{"start":{"line":8,"column":0},"end":{"line":8,"column":45}},"8":{"start":{"line":9,"column":0},"end":{"line":9,"column":38}},"9":{"start":{"line":10,"column":0},"end":{"line":10,"column":39}},"10":{"start":{"line":11,"column":0},"end":{"line":11,"column":38}},"11":{"start":{"line":12,"column":0},"end":{"line":12,"column":32}},"12":{"start":{"line":13,"column":0},"end":{"line":13,"column":41}},"13":{"start":{"line":14,"column":0},"end":{"line":14,"column":40}},"14":{"start":{"line":15,"column":0},"end":{"line":15,"column":52}},"15":{"start":{"line":16,"column":0},"end":{"line":16,"column":46}},"16":{"start":{"line":17,"column":0},"end":{"line":17,"column":44}},"17":{"start":{"line":18,"column":0},"end":{"line":18,"column":50}},"18":{"start":{"line":19,"column":0},"end":{"line":19,"column":55}},"19":{"start":{"line":22,"column":12},"end":{"line":22,"column":21}},"20":{"start":{"line":25,"column":0},"end":{"line":25,"column":42}},"21":{"start":{"line":26,"column":0},"end":{"line":26,"column":43}},"22":{"start":{"line":27,"column":0},"end":{"line":35,"column":2}},"23":{"start":{"line":36,"column":0},"end":{"line":36,"column":31}},"24":{"start":{"line":39,"column":0},"end":{"line":39,"column":51}},"25":{"start":{"line":40,"column":0},"end":{"line":40,"column":23}},"26":{"start":{"line":41,"column":0},"end":{"line":41,"column":24}},"27":{"start":{"line":42,"column":0},"end":{"line":42,"column":48}},"28":{"start":{"line":43,"column":0},"end":{"line":43,"column":35}},"29":{"start":{"line":44,"column":0},"end":{"line":51,"column":2}},"30":{"start":{"line":52,"column":0},"end":{"line":52,"column":31}},"31":{"start":{"line":53,"column":0},"end":{"line":53,"column":28}},"32":{"start":{"line":54,"column":0},"end":{"line":54,"column":24}},"33":{"start":{"line":55,"column":0},"end":{"line":55,"column":15}},"34":{"start":{"line":56,"column":0},"end":{"line":56,"column":18}},"35":{"start":{"line":57,"column":0},"end":{"line":57,"column":16}},"36":{"start":{"line":58,"column":0},"end":{"line":58,"column":18}},"37":{"start":{"line":61,"column":0},"end":{"line":61,"column":45}},"38":{"start":{"line":62,"column":0},"end":{"line":62,"column":41}},"39":{"start":{"line":63,"column":0},"end":{"line":63,"column":18}},"40":{"start":{"line":65,"column":0},"end":{"line":65,"column":19}}},"fnMap":{},"branchMap":{"0":{"loc":{"start":{"line":25,"column":16},"end":{"line":25,"column":40}},"type":"binary-expr","locations":[{"start":{"line":25,"column":16},"end":{"line":25,"column":32}},{"start":{"line":25,"column":36},"end":{"line":25,"column":40}}]},"1":{"loc":{"start":{"line":46,"column":12},"end":{"line":46,"column":44}},"type":"cond-expr","locations":[{"start":{"line":46,"column":38},"end":{"line":46,"column":42}},{"start":{"line":46,"column":42},"end":{"line":46,"column":44}}]},"2":{"loc":{"start":{"line":46,"column":12},"end":{"line":46,"column":42}},"type":"binary-expr","locations":[{"start":{"line":46,"column":12},"end":{"line":46,"column":42}},{"start":{"line":46,"column":38},"end":{"line":46,"column":42}}]}},"s":{"0":1,"1":1,"2":1,"3":1,"4":1,"5":1,"6":1,"7":1,"8":1,"9":1,"10":1,"11":1,"12":1,"13":1,"14":1,"15":1,"16":1,"17":1,"18":1,"19":1,"20":1,"21":1,"22":1,"23":1,"24":1,"25":1,"26":1,"27":1,"28":1,"29":1,"30":1,"31":1,"32":1,"33":1,"34":1,"35":1,"36":1,"37":1,"38":1,"39":1,"40":1},"f":{},"b":{"0":[1,0],"1":[1,0],"2":[1,1]}}
,"/home/derian-cordoba/Documentos/Trabajo/pinatas_nino_feliz/server/src/config/database.config.ts": {"path":"/home/derian-cordoba/Documentos/Trabajo/pinatas_nino_feliz/server/src/config/database.config.ts","statementMap":{"0":{"start":{"line":1,"column":16},"end":{"line":1,"column":35}},"1":{"start":{"line":2,"column":16},"end":{"line":2,"column":35}},"2":{"start":{"line":3,"column":16},"end":{"line":3,"column":35}},"3":{"start":{"line":4,"column":16},"end":{"line":4,"column":35}},"4":{"start":{"line":5,"column":20},"end":{"line":5,"column":43}},"5":{"start":{"line":6,"column":17},"end":{"line":6,"column":37}},"6":{"start":{"line":8,"column":13},"end":{"line":11,"column":51}}},"fnMap":{},"branchMap":{"0":{"loc":{"start":{"line":9,"column":2},"end":{"line":11,"column":50}},"type":"cond-expr","locations":[{"start":{"line":10,"column":6},"end":{"line":10,"column":97}},{"start":{"line":11,"column":6},"end":{"line":11,"column":50}}]}},"s":{"0":1,"1":1,"2":1,"3":1,"4":1,"5":1,"6":1},"f":{},"b":{"0":[0,1]}}
,"/home/derian-cordoba/Documentos/Trabajo/pinatas_nino_feliz/server/src/config/dotenv.config.ts": {"path":"/home/derian-cordoba/Documentos/Trabajo/pinatas_nino_feliz/server/src/config/dotenv.config.ts","statementMap":{"0":{"start":{"line":1,"column":0},"end":{"line":1,"column":32}},"1":{"start":{"line":2,"column":0},"end":{"line":2,"column":9}}},"fnMap":{},"branchMap":{},"s":{"0":1,"1":1},"f":{},"b":{}}
,"/home/derian-cordoba/Documentos/Trabajo/pinatas_nino_feliz/server/src/controllers/product.controller.ts": {"path":"/home/derian-cordoba/Documentos/Trabajo/pinatas_nino_feliz/server/src/controllers/product.controller.ts","statementMap":{"0":{"start":{"line":1,"column":0},"end":{"line":1,"column":40}},"1":{"start":{"line":5,"column":18},"end":{"line":5,"column":39}},"2":{"start":{"line":6,"column":2},"end":{"line":6,"column":23}},"3":{"start":{"line":7,"column":2},"end":{"line":7,"column":20}},"4":{"start":{"line":4,"column":0},"end":{"line":4,"column":22}},"5":{"start":{"line":11,"column":19},"end":{"line":11,"column":39}},"6":{"start":{"line":12,"column":2},"end":{"line":12,"column":21}},"7":{"start":{"line":10,"column":0},"end":{"line":10,"column":22}},"8":{"start":{"line":16,"column":19},"end":{"line":16,"column":29}},"9":{"start":{"line":17,"column":18},"end":{"line":17,"column":49}},"10":{"start":{"line":18,"column":2},"end":{"line":18,"column":20}},"11":{"start":{"line":15,"column":0},"end":{"line":15,"column":22}},"12":{"start":{"line":22,"column":19},"end":{"line":22,"column":29}},"13":{"start":{"line":23,"column":18},"end":{"line":23,"column":68}},"14":{"start":{"line":24,"column":2},"end":{"line":24,"column":20}},"15":{"start":{"line":21,"column":0},"end":{"line":21,"column":22}},"16":{"start":{"line":28,"column":19},"end":{"line":28,"column":29}},"17":{"start":{"line":29,"column":2},"end":{"line":29,"column":43}},"18":{"start":{"line":30,"column":2},"end":{"line":30,"column":43}},"19":{"start":{"line":27,"column":0},"end":{"line":27,"column":22}},"20":{"start":{"line":34,"column":23},"end":{"line":34,"column":33}},"21":{"start":{"line":35,"column":19},"end":{"line":35,"column":51}},"22":{"start":{"line":36,"column":2},"end":{"line":36,"column":21}},"23":{"start":{"line":33,"column":0},"end":{"line":33,"column":22}}},"fnMap":{"0":{"name":"create","decl":{"start":{"line":4,"column":22},"end":{"line":4,"column":28}},"loc":{"start":{"line":4,"column":56},"end":{"line":8,"column":null}}},"1":{"name":"find","decl":{"start":{"line":10,"column":22},"end":{"line":10,"column":26}},"loc":{"start":{"line":10,"column":54},"end":{"line":13,"column":null}}},"2":{"name":"findOne","decl":{"start":{"line":15,"column":22},"end":{"line":15,"column":29}},"loc":{"start":{"line":15,"column":57},"end":{"line":19,"column":null}}},"3":{"name":"update","decl":{"start":{"line":21,"column":22},"end":{"line":21,"column":28}},"loc":{"start":{"line":21,"column":56},"end":{"line":25,"column":null}}},"4":{"name":"remove","decl":{"start":{"line":27,"column":22},"end":{"line":27,"column":28}},"loc":{"start":{"line":27,"column":56},"end":{"line":31,"column":null}}},"5":{"name":"findByCategory","decl":{"start":{"line":33,"column":22},"end":{"line":33,"column":36}},"loc":{"start":{"line":33,"column":64},"end":{"line":37,"column":null}}}},"branchMap":{},"s":{"0":1,"1":0,"2":0,"3":0,"4":1,"5":1,"6":1,"7":1,"8":0,"9":0,"10":0,"11":1,"12":0,"13":0,"14":0,"15":1,"16":0,"17":0,"18":0,"19":1,"20":0,"21":0,"22":0,"23":1},"f":{"0":0,"1":1,"2":0,"3":0,"4":0,"5":0},"b":{}}
,"/home/derian-cordoba/Documentos/Trabajo/pinatas_nino_feliz/server/src/controllers/user.controller.ts": {"path":"/home/derian-cordoba/Documentos/Trabajo/pinatas_nino_feliz/server/src/controllers/user.controller.ts","statementMap":{"0":{"start":{"line":1,"column":0},"end":{"line":1,"column":66}},"1":{"start":{"line":2,"column":0},"end":{"line":2,"column":40}},"2":{"start":{"line":3,"column":0},"end":{"line":3,"column":34}},"3":{"start":{"line":14,"column":22},"end":{"line":18,"column":1}},"4":{"start":{"line":15,"column":2},"end":{"line":17,"column":5}},"5":{"start":{"line":14,"column":13},"end":{"line":14,"column":22}},"6":{"start":{"line":27,"column":28},"end":{"line":58,"column":2}},"7":{"start":{"line":27,"column":101},"end":{"line":58,"column":2}},"8":{"start":{"line":28,"column":2},"end":{"line":28,"column":67}},"9":{"start":{"line":29,"column":2},"end":{"line":29,"column":106}},"10":{"start":{"line":30,"column":2},"end":{"line":30,"column":76}},"11":{"start":{"line":32,"column":17},"end":{"line":32,"column":38}},"12":{"start":{"line":34,"column":2},"end":{"line":37,"column":null}},"13":{"start":{"line":35,"column":4},"end":{"line":35,"column":39}},"14":{"start":{"line":36,"column":4},"end":{"line":36,"column":35}},"15":{"start":{"line":39,"column":2},"end":{"line":57,"column":21}},"16":{"start":{"line":40,"column":4},"end":{"line":42,"column":null}},"17":{"start":{"line":41,"column":6},"end":{"line":41,"column":23}},"18":{"start":{"line":44,"column":4},"end":{"line":47,"column":null}},"19":{"start":{"line":45,"column":6},"end":{"line":45,"column":52}},"20":{"start":{"line":46,"column":6},"end":{"line":46,"column":37}},"21":{"start":{"line":49,"column":4},"end":{"line":56,"column":7}},"22":{"start":{"line":50,"column":6},"end":{"line":52,"column":null}},"23":{"start":{"line":51,"column":8},"end":{"line":51,"column":25}},"24":{"start":{"line":54,"column":6},"end":{"line":54,"column":76}},"25":{"start":{"line":55,"column":6},"end":{"line":55,"column":24}},"26":{"start":{"line":27,"column":13},"end":{"line":27,"column":28}},"27":{"start":{"line":65,"column":22},"end":{"line":69,"column":1}},"28":{"start":{"line":66,"column":2},"end":{"line":68,"column":5}},"29":{"start":{"line":65,"column":13},"end":{"line":65,"column":22}},"30":{"start":{"line":78,"column":28},"end":{"line":121,"column":2}},"31":{"start":{"line":78,"column":101},"end":{"line":121,"column":2}},"32":{"start":{"line":79,"column":2},"end":{"line":79,"column":78}},"33":{"start":{"line":80,"column":2},"end":{"line":80,"column":67}},"34":{"start":{"line":81,"column":2},"end":{"line":81,"column":106}},"35":{"start":{"line":82,"column":2},"end":{"line":82,"column":76}},"36":{"start":{"line":84,"column":17},"end":{"line":84,"column":38}},"37":{"start":{"line":86,"column":2},"end":{"line":89,"column":null}},"38":{"start":{"line":87,"column":4},"end":{"line":87,"column":39}},"39":{"start":{"line":88,"column":4},"end":{"line":88,"column":35}},"40":{"start":{"line":91,"column":15},"end":{"line":95,"column":4}},"41":{"start":{"line":97,"column":2},"end":{"line":120,"column":5}},"42":{"start":{"line":98,"column":4},"end":{"line":100,"column":null}},"43":{"start":{"line":99,"column":6},"end":{"line":99,"column":23}},"44":{"start":{"line":102,"column":4},"end":{"line":105,"column":null}},"45":{"start":{"line":103,"column":6},"end":{"line":103,"column":89}},"46":{"start":{"line":104,"column":6},"end":{"line":104,"column":37}},"47":{"start":{"line":107,"column":4},"end":{"line":119,"column":7}},"48":{"start":{"line":108,"column":6},"end":{"line":110,"column":null}},"49":{"start":{"line":109,"column":8},"end":{"line":109,"column":25}},"50":{"start":{"line":112,"column":6},"end":{"line":118,"column":9}},"51":{"start":{"line":113,"column":8},"end":{"line":115,"column":null}},"52":{"start":{"line":114,"column":10},"end":{"line":114,"column":27}},"53":{"start":{"line":117,"column":8},"end":{"line":117,"column":26}},"54":{"start":{"line":78,"column":13},"end":{"line":78,"column":28}},"55":{"start":{"line":128,"column":22},"end":{"line":132,"column":1}},"56":{"start":{"line":129,"column":2},"end":{"line":129,"column":15}},"57":{"start":{"line":130,"column":2},"end":{"line":130,"column":58}},"58":{"start":{"line":131,"column":2},"end":{"line":131,"column":26}},"59":{"start":{"line":128,"column":13},"end":{"line":128,"column":22}}},"fnMap":{"0":{"name":"(anonymous_8)","decl":{"start":{"line":14,"column":22},"end":{"line":14,"column":23}},"loc":{"start":{"line":14,"column":60},"end":{"line":18,"column":1}}},"1":{"name":"(anonymous_9)","decl":{"start":{"line":27,"column":28},"end":{"line":27,"column":35}},"loc":{"start":{"line":27,"column":101},"end":{"line":58,"column":2}}},"2":{"name":"(anonymous_10)","decl":{"start":{"line":27,"column":101},"end":{"line":27,"column":null}},"loc":{"start":{"line":27,"column":101},"end":{"line":58,"column":1}}},"3":{"name":"(anonymous_11)","decl":{"start":{"line":39,"column":24},"end":{"line":39,"column":25}},"loc":{"start":{"line":39,"column":81},"end":{"line":57,"column":3}}},"4":{"name":"(anonymous_12)","decl":{"start":{"line":49,"column":20},"end":{"line":49,"column":21}},"loc":{"start":{"line":49,"column":28},"end":{"line":56,"column":5}}},"5":{"name":"(anonymous_13)","decl":{"start":{"line":65,"column":22},"end":{"line":65,"column":23}},"loc":{"start":{"line":65,"column":60},"end":{"line":69,"column":1}}},"6":{"name":"(anonymous_14)","decl":{"start":{"line":78,"column":28},"end":{"line":78,"column":35}},"loc":{"start":{"line":78,"column":101},"end":{"line":121,"column":2}}},"7":{"name":"(anonymous_15)","decl":{"start":{"line":78,"column":101},"end":{"line":78,"column":null}},"loc":{"start":{"line":78,"column":101},"end":{"line":121,"column":1}}},"8":{"name":"(anonymous_16)","decl":{"start":{"line":97,"column":42},"end":{"line":97,"column":43}},"loc":{"start":{"line":97,"column":91},"end":{"line":120,"column":3}}},"9":{"name":"(anonymous_17)","decl":{"start":{"line":107,"column":14},"end":{"line":107,"column":15}},"loc":{"start":{"line":107,"column":22},"end":{"line":119,"column":5}}},"10":{"name":"(anonymous_18)","decl":{"start":{"line":112,"column":22},"end":{"line":112,"column":23}},"loc":{"start":{"line":112,"column":30},"end":{"line":118,"column":7}}},"11":{"name":"(anonymous_19)","decl":{"start":{"line":128,"column":22},"end":{"line":128,"column":23}},"loc":{"start":{"line":128,"column":60},"end":{"line":132,"column":1}}}},"branchMap":{"0":{"loc":{"start":{"line":34,"column":2},"end":{"line":37,"column":null}},"type":"if","locations":[{"start":{"line":34,"column":2},"end":{"line":37,"column":null}}]},"1":{"loc":{"start":{"line":40,"column":4},"end":{"line":42,"column":null}},"type":"if","locations":[{"start":{"line":40,"column":4},"end":{"line":42,"column":null}}]},"2":{"loc":{"start":{"line":44,"column":4},"end":{"line":47,"column":null}},"type":"if","locations":[{"start":{"line":44,"column":4},"end":{"line":47,"column":null}}]},"3":{"loc":{"start":{"line":50,"column":6},"end":{"line":52,"column":null}},"type":"if","locations":[{"start":{"line":50,"column":6},"end":{"line":52,"column":null}}]},"4":{"loc":{"start":{"line":86,"column":2},"end":{"line":89,"column":null}},"type":"if","locations":[{"start":{"line":86,"column":2},"end":{"line":89,"column":null}}]},"5":{"loc":{"start":{"line":98,"column":4},"end":{"line":100,"column":null}},"type":"if","locations":[{"start":{"line":98,"column":4},"end":{"line":100,"column":null}}]},"6":{"loc":{"start":{"line":102,"column":4},"end":{"line":105,"column":null}},"type":"if","locations":[{"start":{"line":102,"column":4},"end":{"line":105,"column":null}}]},"7":{"loc":{"start":{"line":108,"column":6},"end":{"line":110,"column":null}},"type":"if","locations":[{"start":{"line":108,"column":6},"end":{"line":110,"column":null}}]},"8":{"loc":{"start":{"line":113,"column":8},"end":{"line":115,"column":null}},"type":"if","locations":[{"start":{"line":113,"column":8},"end":{"line":115,"column":null}}]}},"s":{"0":1,"1":1,"2":1,"3":1,"4":0,"5":1,"6":1,"7":0,"8":0,"9":0,"10":0,"11":0,"12":0,"13":0,"14":0,"15":0,"16":0,"17":0,"18":0,"19":0,"20":0,"21":0,"22":0,"23":0,"24":0,"25":0,"26":1,"27":1,"28":0,"29":1,"30":1,"31":0,"32":0,"33":0,"34":0,"35":0,"36":0,"37":0,"38":0,"39":0,"40":0,"41":0,"42":0,"43":0,"44":0,"45":0,"46":0,"47":0,"48":0,"49":0,"50":0,"51":0,"52":0,"53":0,"54":1,"55":1,"56":0,"57":0,"58":0,"59":1},"f":{"0":0,"1":0,"2":0,"3":0,"4":0,"5":0,"6":0,"7":0,"8":0,"9":0,"10":0,"11":0},"b":{"0":[0],"1":[0],"2":[0],"3":[0],"4":[0],"5":[0],"6":[0],"7":[0],"8":[0]}}
,"/home/derian-cordoba/Documentos/Trabajo/pinatas_nino_feliz/server/src/libs/error.ts": {"path":"/home/derian-cordoba/Documentos/Trabajo/pinatas_nino_feliz/server/src/libs/error.ts","statementMap":{"0":{"start":{"line":3,"column":24},"end":{"line":5,"column":1}},"1":{"start":{"line":4,"column":2},"end":{"line":4,"column":20}},"2":{"start":{"line":3,"column":13},"end":{"line":3,"column":24}}},"fnMap":{"0":{"name":"(anonymous_0)","decl":{"start":{"line":3,"column":24},"end":{"line":3,"column":25}},"loc":{"start":{"line":3,"column":56},"end":{"line":5,"column":1}}}},"branchMap":{},"s":{"0":1,"1":0,"2":1},"f":{"0":0},"b":{}}
,"/home/derian-cordoba/Documentos/Trabajo/pinatas_nino_feliz/server/src/middlewares/flash.ts": {"path":"/home/derian-cordoba/Documentos/Trabajo/pinatas_nino_feliz/server/src/middlewares/flash.ts","statementMap":{"0":{"start":{"line":3,"column":21},"end":{"line":8,"column":1}},"1":{"start":{"line":4,"column":2},"end":{"line":4,"column":44}},"2":{"start":{"line":5,"column":2},"end":{"line":5,"column":40}},"3":{"start":{"line":6,"column":2},"end":{"line":6,"column":37}},"4":{"start":{"line":7,"column":2},"end":{"line":7,"column":9}},"5":{"start":{"line":3,"column":13},"end":{"line":3,"column":21}}},"fnMap":{"0":{"name":"(anonymous_0)","decl":{"start":{"line":3,"column":21},"end":{"line":3,"column":22}},"loc":{"start":{"line":3,"column":73},"end":{"line":8,"column":1}}}},"branchMap":{"0":{"loc":{"start":{"line":6,"column":20},"end":{"line":6,"column":36}},"type":"binary-expr","locations":[{"start":{"line":6,"column":20},"end":{"line":6,"column":28}},{"start":{"line":6,"column":32},"end":{"line":6,"column":36}}]}},"s":{"0":1,"1":1,"2":1,"3":1,"4":1,"5":1},"f":{"0":1},"b":{"0":[1,1]}}
,"/home/derian-cordoba/Documentos/Trabajo/pinatas_nino_feliz/server/src/middlewares/redirect.ts": {"path":"/home/derian-cordoba/Documentos/Trabajo/pinatas_nino_feliz/server/src/middlewares/redirect.ts","statementMap":{"0":{"start":{"line":3,"column":24},"end":{"line":11,"column":1}},"1":{"start":{"line":4,"column":2},"end":{"line":9,"column":null}},"2":{"start":{"line":8,"column":4},"end":{"line":8,"column":36}},"3":{"start":{"line":10,"column":2},"end":{"line":10,"column":9}},"4":{"start":{"line":3,"column":13},"end":{"line":3,"column":24}}},"fnMap":{"0":{"name":"(anonymous_0)","decl":{"start":{"line":3,"column":24},"end":{"line":3,"column":25}},"loc":{"start":{"line":3,"column":82},"end":{"line":11,"column":1}}}},"branchMap":{"0":{"loc":{"start":{"line":4,"column":2},"end":{"line":9,"column":null}},"type":"if","locations":[{"start":{"line":4,"column":2},"end":{"line":9,"column":null}}]},"1":{"loc":{"start":{"line":5,"column":4},"end":{"line":6,"column":40}},"type":"binary-expr","locations":[{"start":{"line":5,"column":5},"end":{"line":5,"column":14}},{"start":{"line":5,"column":18},"end":{"line":5,"column":40}},{"start":{"line":5,"column":44},"end":{"line":5,"column":66}},{"start":{"line":5,"column":70},"end":{"line":5,"column":91}},{"start":{"line":6,"column":5},"end":{"line":6,"column":13}},{"start":{"line":6,"column":17},"end":{"line":6,"column":39}}]}},"s":{"0":1,"1":1,"2":1,"3":1,"4":1},"f":{"0":1},"b":{"0":[1],"1":[1,1,1,1,0,0]}}
,"/home/derian-cordoba/Documentos/Trabajo/pinatas_nino_feliz/server/src/models/product.ts": {"path":"/home/derian-cordoba/Documentos/Trabajo/pinatas_nino_feliz/server/src/models/product.ts","statementMap":{"0":{"start":{"line":1,"column":0},"end":{"line":1,"column":51}},"1":{"start":{"line":15,"column":22},"end":{"line":55,"column":null}},"2":{"start":{"line":58,"column":0},"end":{"line":58,"column":57}}},"fnMap":{},"branchMap":{},"s":{"0":1,"1":1,"2":1},"f":{},"b":{}}
,"/home/derian-cordoba/Documentos/Trabajo/pinatas_nino_feliz/server/src/models/user.ts": {"path":"/home/derian-cordoba/Documentos/Trabajo/pinatas_nino_feliz/server/src/models/user.ts","statementMap":{"0":{"start":{"line":1,"column":0},"end":{"line":1,"column":58}},"1":{"start":{"line":2,"column":0},"end":{"line":2,"column":60}},"2":{"start":{"line":18,"column":19},"end":{"line":38,"column":null}},"3":{"start":{"line":41,"column":13},"end":{"line":41,"column":52}},"4":{"start":{"line":44,"column":15},"end":{"line":44,"column":36}},"5":{"start":{"line":45,"column":2},"end":{"line":45,"column":40}},"6":{"start":{"line":43,"column":0},"end":{"line":43,"column":22}},"7":{"start":{"line":49,"column":2},"end":{"line":49,"column":43}},"8":{"start":{"line":48,"column":0},"end":{"line":48,"column":22}},"9":{"start":{"line":53,"column":15},"end":{"line":53,"column":44}},"10":{"start":{"line":54,"column":2},"end":{"line":54,"column":23}},"11":{"start":{"line":52,"column":0},"end":{"line":52,"column":22}},"12":{"start":{"line":57,"column":0},"end":{"line":57,"column":20}}},"fnMap":{"0":{"name":"encryptPassword","decl":{"start":{"line":43,"column":22},"end":{"line":43,"column":37}},"loc":{"start":{"line":43,"column":54},"end":{"line":46,"column":null}}},"1":{"name":"comparePassword","decl":{"start":{"line":48,"column":22},"end":{"line":48,"column":37}},"loc":{"start":{"line":48,"column":68},"end":{"line":50,"column":null}}},"2":{"name":"findUserByEmail","decl":{"start":{"line":52,"column":22},"end":{"line":52,"column":37}},"loc":{"start":{"line":52,"column":51},"end":{"line":55,"column":null}}}},"branchMap":{},"s":{"0":1,"1":1,"2":1,"3":1,"4":0,"5":0,"6":1,"7":0,"8":1,"9":0,"10":0,"11":1,"12":1},"f":{"0":0,"1":0,"2":0},"b":{}}
,"/home/derian-cordoba/Documentos/Trabajo/pinatas_nino_feliz/server/src/routes/product.routes.ts": {"path":"/home/derian-cordoba/Documentos/Trabajo/pinatas_nino_feliz/server/src/routes/product.routes.ts","statementMap":{"0":{"start":{"line":1,"column":0},"end":{"line":1,"column":33}},"1":{"start":{"line":2,"column":0},"end":{"line":2,"column":106}},"2":{"start":{"line":4,"column":15},"end":{"line":4,"column":23}},"3":{"start":{"line":6,"column":0},"end":{"line":6,"column":30}},"4":{"start":{"line":7,"column":0},"end":{"line":7,"column":39}},"5":{"start":{"line":8,"column":0},"end":{"line":8,"column":59}},"6":{"start":{"line":9,"column":0},"end":{"line":9,"column":40}},"7":{"start":{"line":10,"column":0},"end":{"line":10,"column":38}},"8":{"start":{"line":11,"column":0},"end":{"line":11,"column":41}},"9":{"start":{"line":13,"column":0},"end":{"line":13,"column":22}}},"fnMap":{},"branchMap":{},"s":{"0":1,"1":1,"2":1,"3":1,"4":1,"5":1,"6":1,"7":1,"8":1,"9":1},"f":{},"b":{}}
,"/home/derian-cordoba/Documentos/Trabajo/pinatas_nino_feliz/server/src/routes/user.routes.ts": {"path":"/home/derian-cordoba/Documentos/Trabajo/pinatas_nino_feliz/server/src/routes/user.routes.ts","statementMap":{"0":{"start":{"line":1,"column":0},"end":{"line":1,"column":33}},"1":{"start":{"line":2,"column":0},"end":{"line":2,"column":100}},"2":{"start":{"line":4,"column":15},"end":{"line":4,"column":23}},"3":{"start":{"line":6,"column":0},"end":{"line":6,"column":30}},"4":{"start":{"line":7,"column":0},"end":{"line":7,"column":37}},"5":{"start":{"line":8,"column":0},"end":{"line":8,"column":30}},"6":{"start":{"line":9,"column":0},"end":{"line":9,"column":37}},"7":{"start":{"line":10,"column":0},"end":{"line":10,"column":30}},"8":{"start":{"line":12,"column":0},"end":{"line":12,"column":22}}},"fnMap":{},"branchMap":{},"s":{"0":1,"1":1,"2":1,"3":1,"4":1,"5":1,"6":1,"7":1,"8":1},"f":{},"b":{}}
}
